<?xml version="1.0" encoding="UTF-8"?>
<!-- Generated by org.testng.reporters.JUnitXMLReporter -->
<testsuite ignored="0" hostname="LAPTOP-9GECL9UO" failures="1" tests="16" name="Test" time="169.774" errors="0" timestamp="2024-12-16T02:33:06 IST">
  <testcase classname="testCases.TC001_SignUpTest" name="validateSignUpFunction" time="3.277"/>
  <testcase classname="testCases.TC001_SignUpTest" name="validSignUp" time="10.379"/>
  <testcase classname="testCases.TC002_LoginTest" name="Validlogin" time="6.959">
    <failure type="org.openqa.selenium.UnhandledAlertException" message="unexpected alert open: {Alert text : Wrong password.}
  (Session info: chrome=131.0.6778.140): Wrong password.
Build info: version: &amp;apos;4.26.0&amp;apos;, revision: &amp;apos;8ccf0219d7&amp;apos;
System info: os.name: &amp;apos;Windows 11&amp;apos;, os.arch: &amp;apos;amd64&amp;apos;, os.version: &amp;apos;10.0&amp;apos;, java.version: &amp;apos;21.0.5&amp;apos;
Driver info: org.openqa.selenium.chrome.ChromeDriver
Command: [4daeab6325ea932eb2d9cece0b75c466, findElement {using=xpath, value=//a[@id=&amp;apos;nameofuser&amp;apos;]}]
Capabilities {acceptInsecureCerts: false, browserName: chrome, browserVersion: 131.0.6778.140, chrome: {chromedriverVersion: 131.0.6778.108 (3b014839fbc..., userDataDir: C:\Users\sriba\AppData\Loca...}, fedcm:accounts: true, goog:chromeOptions: {debuggerAddress: localhost:62557}, networkConnectionEnabled: false, pageLoadStrategy: normal, platformName: windows, proxy: Proxy(), se:cdp: ws://localhost:62557/devtoo..., se:cdpVersion: 131.0.6778.140, setWindowRect: true, strictFileInteractability: false, timeouts: {implicit: 0, pageLoad: 300000, script: 30000}, unhandledPromptBehavior: dismiss and notify, webauthn:extension:credBlob: true, webauthn:extension:largeBlob: true, webauthn:extension:minPinLength: true, webauthn:extension:prf: true, webauthn:virtualAuthenticators: true}
Session ID: 4daeab6325ea932eb2d9cece0b75c466">
      <![CDATA[org.openqa.selenium.UnhandledAlertException: unexpected alert open: {Alert text : Wrong password.}
  (Session info: chrome=131.0.6778.140): Wrong password.
Build info: version: '4.26.0', revision: '8ccf0219d7'
System info: os.name: 'Windows 11', os.arch: 'amd64', os.version: '10.0', java.version: '21.0.5'
Driver info: org.openqa.selenium.chrome.ChromeDriver
Command: [4daeab6325ea932eb2d9cece0b75c466, findElement {using=xpath, value=//a[@id='nameofuser']}]
Capabilities {acceptInsecureCerts: false, browserName: chrome, browserVersion: 131.0.6778.140, chrome: {chromedriverVersion: 131.0.6778.108 (3b014839fbc..., userDataDir: C:\Users\sriba\AppData\Loca...}, fedcm:accounts: true, goog:chromeOptions: {debuggerAddress: localhost:62557}, networkConnectionEnabled: false, pageLoadStrategy: normal, platformName: windows, proxy: Proxy(), se:cdp: ws://localhost:62557/devtoo..., se:cdpVersion: 131.0.6778.140, setWindowRect: true, strictFileInteractability: false, timeouts: {implicit: 0, pageLoad: 300000, script: 30000}, unhandledPromptBehavior: dismiss and notify, webauthn:extension:credBlob: true, webauthn:extension:largeBlob: true, webauthn:extension:minPinLength: true, webauthn:extension:prf: true, webauthn:virtualAuthenticators: true}
Session ID: 4daeab6325ea932eb2d9cece0b75c466
at org.openqa.selenium.remote.codec.w3c.W3CHttpResponseCodec.decode(W3CHttpResponseCodec.java:136)
at org.openqa.selenium.remote.codec.w3c.W3CHttpResponseCodec.decode(W3CHttpResponseCodec.java:50)
at org.openqa.selenium.remote.HttpCommandExecutor.execute(HttpCommandExecutor.java:190)
at org.openqa.selenium.remote.service.DriverCommandExecutor.invokeExecute(DriverCommandExecutor.java:216)
at org.openqa.selenium.remote.service.DriverCommandExecutor.execute(DriverCommandExecutor.java:174)
at org.openqa.selenium.remote.RemoteWebDriver.execute(RemoteWebDriver.java:545)
at org.openqa.selenium.remote.ElementLocation$ElementFinder$2.findElement(ElementLocation.java:165)
at org.openqa.selenium.remote.ElementLocation.findElement(ElementLocation.java:59)
at org.openqa.selenium.remote.RemoteWebDriver.findElement(RemoteWebDriver.java:368)
at org.openqa.selenium.remote.RemoteWebDriver.findElement(RemoteWebDriver.java:362)
at org.openqa.selenium.support.pagefactory.DefaultElementLocator.findElement(DefaultElementLocator.java:68)
at org.openqa.selenium.support.pagefactory.internal.LocatingElementHandler.invoke(LocatingElementHandler.java:38)
at jdk.proxy2/jdk.proxy2.$Proxy27.isDisplayed(Unknown Source)
at pageObjects.LoginPage.IsWelcomeMessageExists(LoginPage.java:43)
at testCases.TC002_LoginTest.Validlogin(TC002_LoginTest.java:31)
at java.base/java.util.ArrayList.forEach(ArrayList.java:1596)
... Removed 29 stack frames]]>
    </failure>
  </testcase> <!-- Validlogin -->
  <testcase classname="testCases.TC003_ProductCategoryTest" name="ProductDetails" time="0.11"/>
  <testcase classname="testCases.TC003_ProductCategoryTest" name="testVerifyNavigationMenuItems" time="0.099"/>
  <testcase classname="testCases.TC003_ProductCategoryTest" name="testVerifyCategoryMenuItems" time="0.042"/>
  <testcase classname="testCases.TC004_ProductDetailsTest" name="selectProductCategory" time="4.042"/>
  <testcase classname="testCases.TC004_ProductDetailsTest" name="testProductRedirection" time="3.753"/>
  <testcase classname="testCases.TC004_ProductDetailsTest" name="testProductDetailsAccuracy" time="0.131"/>
  <testcase classname="testCases.TC004_ProductDetailsTest" name="testAddProductToCart" time="19.103"/>
  <testcase classname="testCases.TC005_CartTest" name="testDeleteItemFromCart" time="7.114"/>
  <testcase classname="testCases.TC005_CartTest" name="testTotalPriceCalculation" time="14.146"/>
  <testcase classname="testCases.TC005_CartTest" name="testClearCart" time="39.999"/>
  <testcase classname="testCases.TC006_PurchaseTest" name="testOrderWindowRedirection" time="6.925"/>
  <testcase classname="testCases.TC006_PurchaseTest" name="testCompleteOrderProcess" time="4.869"/>
  <testcase classname="testCases.TC007_EndToEndTest" name="testCompleteCart" time="26.93"/>
</testsuite> <!-- Test -->
